<?xml version="1.0" encoding="UTF-8"?>
<!-- Generated by org.testng.reporters.JUnitReportReporter -->
<testsuite skipped="0" hostname="EC2AMAZ-UJ7D8CQ" name="SumValidation" tests="1" failures="0" timestamp="2024-02-08T10:34:18 UTC" time="3.374" errors="0">
  <testcase name="sumValidationMethod" time="3.374" classname="SumValidation"/>
  <system-out/>
</testsuite> <!-- SumValidation -->
