<?xml version="1.0" encoding="UTF-8"?>
<!-- Generated by org.testng.reporters.JUnitReportReporter -->
<testsuite skipped="0" hostname="EC2AMAZ-UJ7D8CQ" name="DynamicJson" tests="3" failures="0" timestamp="2024-02-08T15:12:46 UTC" time="7.869" errors="0">
  <testcase name="addBook" time="5.435" classname="DynamicJson"/>
  <system-out/>
  <testcase name="addBook" time="1.239" classname="DynamicJson"/>
  <system-out/>
  <testcase name="addBook" time="1.195" classname="DynamicJson"/>
  <system-out/>
</testsuite> <!-- DynamicJson -->
